<?xml version="1.0" encoding="UTF-8"?>
<!-- Generated by org.testng.reporters.JUnitXMLReporter -->
<testsuite ignored="0" hostname="DESKTOP-E61SUDJ" failures="0" tests="12" name="Login Test" time="142.106" errors="0" timestamp="2020-12-09T20:37:39 PST">
  <testcase classname="givelify_SignIn_testcases.TC_01" name="ValidLoginTest" time="3.647"/>
  <testcase classname="givelify_SignIn_testcases.TC_02" name="logSessionTest" time="3.687"/>
  <testcase classname="givelify_SignIn_testcases.TC_03" name="multipleLoginTest" time="10.314"/>
  <testcase classname="givelify_SignIn_testcases.TC_04" name="InvalidLoginTest" time="3.528"/>
  <testcase classname="givelify_SignIn_testcases.TC_05" name="UnregLoginTest" time="3.638"/>
  <testcase classname="givelify_SignIn_testcases.TC_06" name="FormvalidationTest" time="3.659"/>
  <testcase classname="givelify_SignIn_testcases.TC_07" name="ForgotpwdTest" time="3.155"/>
  <testcase classname="givelify_SignIn_testcases.TC_08" name="FgtPwdFieldValidation" time="3.319"/>
  <testcase classname="givelify_SignIn_testcases.TC_09" name="ResetPasswordTest" time="6.431"/>
  <testcase classname="givelify_SignIn_testcases.TC_10" name="UnregEmailResetPwdTest" time="6.532"/>
  <testcase classname="givelify_SignIn_testcases.TC_11" name="RestPwdFormValidation" time="6.385"/>
  <testcase classname="givelify_SignIn_testcases.TC_12" name="ResetPwdCancelTest" time="6.171"/>
</testsuite> <!-- Login Test -->
